<?xml version="1.0" encoding="UTF-8"?>
<!-- Generated by org.testng.reporters.JUnitReportReporter -->
<testsuite skipped="0" hostname="Sachin-PC" name="com.gurucul.qa.testcases.HomePageTest" tests="1" failures="0" timestamp="09 Sep 2020 04:57:51 GMT" time="11.550" errors="0">
  <testcase name="homeTest" time="11.550" classname="com.gurucul.qa.testcases.HomePageTest"/>
</testsuite> <!-- com.gurucul.qa.testcases.HomePageTest -->
