<?xml version="1.0" encoding="UTF-8"?>
<!-- Generated by org.testng.reporters.JUnitReportReporter -->
<testsuite skipped="0" hostname="Sachin-PC" name="com.gurucul.qa.testcases.LoginPageTest" tests="2" failures="0" timestamp="09 Sep 2020 04:57:51 GMT" time="17.473" errors="0">
  <testcase name="loginTest" time="7.059" classname="com.gurucul.qa.testcases.LoginPageTest"/>
  <testcase name="blankValidation" time="10.414" classname="com.gurucul.qa.testcases.LoginPageTest"/>
</testsuite> <!-- com.gurucul.qa.testcases.LoginPageTest -->
